This is pdfTeX, Version 3.14159265-2.6-1.40.16 (TeX Live 2015/Debian) (preloaded format=pdflatex 2018.4.9)  13 SEP 2018 09:18
entering extended mode
 restricted \write18 enabled.
 file:line:error style messages enabled.
 %&-line parsing enabled.
**technique_report.tex
(./technique_report.tex
LaTeX2e <2016/02/01>
Babel <3.9q> and hyphenation patterns for 81 language(s) loaded.

! LaTeX Error: File `books.cls' not found.

Type X to quit or <RETURN> to proceed,
or enter new name. (Default extension: cls)

Enter file name: 
./technique_report.tex:20: Emergency stop.
<read *> 
         
l.20 \usepackage
                {times}^^M
*** (cannot \read from terminal in nonstop modes)

 
Here is how much of TeX's memory you used:
 10 strings out of 493029
 223 string characters out of 6136235
 53032 words of memory out of 5000000
 3644 multiletter control sequences out of 15000+600000
 3640 words of font info for 14 fonts, out of 8000000 for 9000
 1141 hyphenation exceptions out of 8191
 10i,0n,7p,92b,8s stack positions out of 5000i,500n,10000p,200000b,80000s
./technique_report.tex:20:  ==> Fatal error occurred, no output PDF file produc
ed!
